TN:
SF:src/components/Accordion/Accordion.tsx
FN:67,(anonymous_7)
FN:70,(anonymous_8)
FN:83,(anonymous_9)
FN:85,(anonymous_10)
FN:97,(anonymous_11)
FN:137,(anonymous_12)
FN:141,(anonymous_13)
FN:146,(anonymous_14)
FN:151,(anonymous_15)
FN:161,(anonymous_16)
FN:187,(anonymous_17)
FNF:11
FNH:11
FNDA:24,(anonymous_7)
FNDA:24,(anonymous_8)
FNDA:24,(anonymous_9)
FNDA:8,(anonymous_10)
FNDA:1,(anonymous_11)
FNDA:9,(anonymous_12)
FNDA:2,(anonymous_13)
FNDA:4,(anonymous_14)
FNDA:1,(anonymous_15)
FNDA:24,(anonymous_16)
FNDA:6,(anonymous_17)
DA:1,1
DA:2,1
DA:4,1
DA:9,1
DA:67,1
DA:70,24
DA:71,24
DA:72,17
DA:74,7
DA:77,24
DA:81,24
DA:83,24
DA:85,24
DA:86,8
DA:87,6
DA:88,6
DA:92,24
DA:97,1
DA:137,1
DA:138,9
DA:141,1
DA:144,2
DA:147,4
DA:148,4
DA:151,1
DA:161,1
DA:163,24
DA:177,24
DA:179,24
DA:183,24
DA:185,24
DA:187,24
DA:188,6
DA:189,6
DA:190,5
DA:194,24
DA:198,24
DA:200,24
DA:201,1
DA:204,24
DA:239,1
DA:250,1
LF:42
LH:42
BRDA:71,0,0,17
BRDA:71,0,1,7
BRDA:72,1,0,3
BRDA:72,1,1,14
BRDA:81,2,0,24
BRDA:81,2,1,0
BRDA:86,3,0,6
BRDA:87,4,0,1
BRDA:94,5,0,3
BRDA:94,5,1,21
BRDA:96,6,0,1
BRDA:96,6,1,23
BRDA:97,7,0,1
BRDA:97,7,1,23
BRDA:97,8,0,23
BRDA:97,8,1,1
BRDA:97,9,0,1
BRDA:101,10,0,2
BRDA:101,10,1,22
BRDA:101,11,0,24
BRDA:101,11,1,17
BRDA:102,12,0,1
BRDA:102,12,1,23
BRDA:106,13,0,23
BRDA:106,13,1,22
BRDA:107,14,0,3
BRDA:107,14,1,19
BRDA:111,15,0,23
BRDA:111,15,1,1
BRDA:120,16,0,23
BRDA:120,16,1,2
BRDA:146,17,0,0
BRDA:146,17,1,2
BRDA:146,18,0,2
BRDA:146,18,1,2
BRDA:183,19,0,22
BRDA:183,19,1,2
BRDA:189,20,0,5
BRDA:195,21,0,24
BRDA:195,21,1,0
BRDA:200,22,0,1
BRDA:223,23,0,17
BRDA:223,23,1,7
BRDA:224,24,0,2
BRDA:224,24,1,15
BRDA:230,25,0,5
BRDA:230,25,1,2
BRF:47
BRH:44
end_of_record
TN:
SF:src/components/ActionBar/ActionBar.tsx
FN:15,(anonymous_1)
FN:16,(anonymous_2)
FNF:2
FNH:1
FNDA:1,(anonymous_1)
FNDA:0,(anonymous_2)
DA:1,1
DA:2,1
DA:4,1
DA:5,1
DA:15,1
DA:16,1
DA:17,1
DA:32,1
LF:8
LH:8
BRDA:15,0,0,1
BRDA:15,1,0,1
BRDA:15,2,0,0
BRDA:19,3,0,1
BRDA:19,3,1,0
BRDA:20,4,0,0
BRDA:20,4,1,1
BRDA:21,5,0,1
BRDA:21,5,1,0
BRF:9
BRH:5
end_of_record
TN:
SF:src/components/ActionBar/index.ts
FN:1,(anonymous_0)
FNF:1
FNH:0
FNDA:0,(anonymous_0)
DA:1,0
LF:1
LH:0
BRF:0
BRH:0
end_of_record
TN:
SF:src/components/ActionTooltip/ActionTooltip.tsx
FN:23,useComponentVisible
FN:27,(anonymous_9)
FN:33,(anonymous_10)
FN:39,(anonymous_11)
FN:42,(anonymous_12)
FN:51,(anonymous_13)
FN:55,(anonymous_14)
FN:65,(anonymous_15)
FN:68,(anonymous_16)
FN:72,(anonymous_17)
FN:81,(anonymous_18)
FN:102,(anonymous_19)
FN:107,(anonymous_20)
FN:111,(anonymous_21)
FN:123,(anonymous_22)
FN:128,(anonymous_23)
FN:132,(anonymous_24)
FNF:17
FNH:12
FNDA:33,useComponentVisible
FNDA:1,(anonymous_9)
FNDA:1,(anonymous_10)
FNDA:33,(anonymous_11)
FNDA:16,(anonymous_12)
FNDA:33,(anonymous_13)
FNDA:2,(anonymous_14)
FNDA:10,(anonymous_15)
FNDA:2,(anonymous_16)
FNDA:0,(anonymous_17)
FNDA:22,(anonymous_18)
FNDA:0,(anonymous_19)
FNDA:1,(anonymous_20)
FNDA:0,(anonymous_21)
FNDA:0,(anonymous_22)
FNDA:1,(anonymous_23)
FNDA:0,(anonymous_24)
DA:1,1
DA:4,1
DA:5,1
DA:6,1
DA:24,33
DA:25,33
DA:27,33
DA:28,1
DA:29,1
DA:33,33
DA:34,1
DA:35,1
DA:39,33
DA:40,33
DA:41,33
DA:42,33
DA:43,16
DA:44,16
DA:48,33
DA:51,1
DA:52,33
DA:53,33
DA:54,33
DA:55,33
DA:56,2
DA:57,2
DA:60,33
DA:66,10
DA:69,2
DA:73,0
DA:74,0
DA:82,22
DA:83,22
DA:84,22
DA:86,22
DA:103,0
DA:104,0
DA:108,1
DA:109,1
DA:112,0
DA:113,0
DA:114,0
DA:124,0
DA:125,0
DA:129,1
DA:130,1
DA:133,0
DA:134,0
DA:135,0
DA:150,1
DA:155,1
LF:51
LH:39
BRDA:28,0,0,1
BRDA:34,1,0,1
BRDA:34,2,0,1
BRDA:34,2,1,1
BRDA:34,2,2,0
BRDA:34,2,3,0
BRDA:73,3,0,0
BRDA:79,4,0,33
BRDA:79,4,1,10
BRDA:82,5,0,0
BRDA:82,5,1,22
BRDA:84,6,0,0
BRDA:84,6,1,22
BRDA:84,7,0,22
BRDA:84,7,1,0
BRDA:84,8,0,22
BRDA:84,8,1,0
BRDA:84,9,0,22
BRDA:84,9,1,22
BRDA:87,10,0,4
BRDA:87,10,1,18
BRDA:87,11,0,22
BRDA:87,11,1,22
BRDA:87,11,2,4
BRDA:90,12,0,0
BRDA:90,12,1,4
BRDA:93,13,0,18
BRDA:93,13,1,18
BRDA:94,14,0,16
BRDA:94,14,1,2
BRDA:97,15,0,0
BRDA:97,15,1,16
BRDA:103,16,0,0
BRDA:112,17,0,0
BRDA:118,18,0,1
BRDA:118,18,1,15
BRDA:124,19,0,0
BRDA:133,20,0,0
BRDA:139,21,0,1
BRDA:139,21,1,1
BRF:40
BRH:27
end_of_record
TN:
SF:src/components/Avatar/Avatar.tsx
FN:41,displayAvatarContent
FN:52,(anonymous_8)
FN:54,(anonymous_9)
FN:60,(anonymous_10)
FN:63,(anonymous_11)
FN:75,renderExtraAvatarsButton
FN:76,(anonymous_13)
FN:119,Avatar
FN:144,(anonymous_15)
FN:170,(anonymous_16)
FNF:10
FNH:6
FNDA:45,displayAvatarContent
FNDA:0,(anonymous_8)
FNDA:0,(anonymous_9)
FNDA:0,(anonymous_10)
FNDA:0,(anonymous_11)
FNDA:8,renderExtraAvatarsButton
FNDA:1,(anonymous_13)
FNDA:12,Avatar
FNDA:41,(anonymous_15)
FNDA:1,(anonymous_16)
DA:1,1
DA:2,1
DA:4,1
DA:9,1
DA:42,45
DA:43,45
DA:44,45
DA:45,45
DA:46,45
DA:47,17
DA:49,28
DA:52,1
DA:53,0
DA:54,0
DA:55,0
DA:58,0
DA:60,1
DA:61,0
DA:62,0
DA:63,0
DA:64,0
DA:66,0
DA:68,0
DA:76,8
DA:77,1
DA:78,1
DA:94,8
DA:95,7
DA:96,6
DA:105,1
DA:106,1
DA:120,12
DA:121,4
DA:122,4
DA:133,8
DA:134,8
DA:135,8
DA:136,8
DA:137,7
DA:138,7
DA:140,1
DA:142,8
DA:145,41
DA:170,1
DA:171,1
DA:179,1
DA:181,1
DA:182,1
LF:48
LH:38
BRDA:42,0,0,45
BRDA:42,0,1,45
BRDA:42,0,2,45
BRDA:46,1,0,17
BRDA:52,2,0,0
BRDA:53,3,0,0
BRDA:94,4,0,7
BRDA:95,5,0,6
BRDA:95,5,1,1
BRDA:98,6,0,0
BRDA:98,6,1,6
BRDA:105,7,0,1
BRDA:108,8,0,0
BRDA:108,8,1,1
BRDA:120,9,0,4
BRDA:120,9,1,8
BRDA:123,10,0,4
BRDA:123,10,1,0
BRDA:125,11,0,0
BRDA:125,11,1,4
BRDA:128,12,0,4
BRDA:128,12,1,1
BRDA:128,12,2,1
BRDA:133,13,0,7
BRDA:133,13,1,1
BRDA:136,14,0,7
BRDA:136,14,1,1
BRDA:147,15,0,41
BRDA:147,15,1,0
BRDA:149,16,0,0
BRDA:149,16,1,41
BRDA:152,17,0,41
BRDA:152,17,1,5
BRDA:152,17,2,5
BRF:34
BRH:26
end_of_record
TN:
SF:src/components/Breadcrumb/Breadcrumb.tsx
FN:18,(anonymous_7)
FN:24,(anonymous_8)
FN:27,(anonymous_9)
FN:35,(anonymous_10)
FN:44,(anonymous_11)
FN:46,(anonymous_12)
FN:52,(anonymous_13)
FN:55,(anonymous_14)
FN:57,(anonymous_15)
FNF:9
FNH:4
FNDA:1,(anonymous_7)
FNDA:0,(anonymous_8)
FNDA:0,(anonymous_9)
FNDA:3,(anonymous_10)
FNDA:0,(anonymous_11)
FNDA:1,(anonymous_12)
FNDA:0,(anonymous_13)
FNDA:0,(anonymous_14)
FNDA:2,(anonymous_15)
DA:1,1
DA:2,1
DA:3,1
DA:4,1
DA:18,1
DA:19,1
DA:20,1
DA:21,1
DA:22,1
DA:24,1
DA:25,0
DA:27,0
DA:28,0
DA:30,0
DA:33,1
DA:36,3
DA:38,3
DA:39,1
DA:40,1
DA:44,0
DA:46,1
DA:50,2
DA:52,0
DA:55,0
DA:57,2
DA:67,1
DA:68,1
DA:73,1
DA:74,1
LF:29
LH:22
BRDA:19,0,0,0
BRDA:27,1,0,0
BRDA:27,1,1,0
BRDA:27,2,0,0
BRDA:27,2,1,0
BRDA:27,3,0,0
BRDA:27,3,1,0
BRDA:27,4,0,0
BRDA:27,4,1,0
BRDA:28,5,0,0
BRDA:28,5,1,0
BRDA:28,6,0,0
BRDA:28,6,1,0
BRDA:38,7,0,1
BRDA:42,8,0,0
BRDA:42,8,1,1
BRDA:42,9,0,1
BRDA:42,9,1,0
BRDA:42,10,0,0
BRDA:42,10,1,1
BRDA:42,11,0,1
BRDA:42,11,1,1
BRDA:53,12,0,0
BRDA:53,12,1,2
BRDA:53,13,0,2
BRDA:53,13,1,0
BRDA:53,14,0,0
BRDA:53,14,1,2
BRDA:53,15,0,2
BRDA:53,15,1,2
BRF:30
BRH:11
end_of_record
TN:
SF:src/components/Button/Button.tsx
FN:123,(anonymous_8)
FN:167,(anonymous_9)
FNF:2
FNH:2
FNDA:45,(anonymous_8)
FNDA:1,(anonymous_9)
DA:1,5
DA:8,5
DA:10,5
DA:16,5
DA:18,5
DA:120,5
DA:121,5
DA:122,5
DA:143,45
DA:144,45
DA:145,45
DA:146,45
DA:155,45
DA:156,45
DA:157,45
DA:168,1
DA:169,1
DA:198,5
LF:18
LH:18
BRDA:143,0,0,45
BRDA:156,1,0,1
BRDA:156,1,1,44
BRDA:162,2,0,43
BRDA:162,2,1,2
BRDA:164,3,0,45
BRDA:164,3,1,45
BRDA:168,4,0,1
BRDA:175,5,0,45
BRDA:175,5,1,2
BRDA:181,6,0,43
BRDA:181,6,1,2
BRDA:182,7,0,1
BRDA:182,7,1,44
BRDA:184,8,0,45
BRDA:184,8,1,1
BRDA:190,9,0,45
BRDA:190,9,1,29
BRF:18
BRH:18
end_of_record
TN:
SF:src/components/Button/ButtonGroup/ButtonGroup.tsx
FN:24,(anonymous_2)
FNF:1
FNH:1
FNDA:3,(anonymous_2)
DA:1,1
DA:2,1
DA:3,1
DA:24,1
DA:25,3
DA:26,3
DA:28,3
DA:35,1
DA:39,1
LF:9
LH:9
BRDA:30,0,0,3
BRDA:30,0,1,3
BRF:2
BRH:2
end_of_record
TN:
SF:src/components/Button/ButtonGroup/index.ts
FN:1,(anonymous_0)
FNF:1
FNH:0
FNDA:0,(anonymous_0)
DA:1,0
LF:1
LH:0
BRF:0
BRH:0
end_of_record
TN:
SF:src/components/ContentTypeSkeleton/ContentTypeSkeleton.tsx
FN:5,(anonymous_1)
FNF:1
FNH:0
FNDA:0,(anonymous_1)
DA:1,0
DA:2,0
DA:3,0
DA:5,0
DA:6,0
DA:450,0
LF:6
LH:0
BRF:0
BRH:0
end_of_record
TN:
SF:src/components/EmptyState/EmptyState.tsx
FN:93,(anonymous_1)
FN:103,(anonymous_2)
FNF:2
FNH:2
FNDA:3,(anonymous_1)
FNDA:12,(anonymous_2)
DA:1,1
DA:2,1
DA:4,1
DA:5,1
DA:93,1
DA:94,3
DA:95,3
DA:96,3
DA:98,3
DA:103,1
DA:118,12
DA:120,12
DA:121,12
DA:122,12
DA:123,12
DA:124,12
DA:126,12
DA:127,1
DA:130,12
DA:148,1
DA:155,1
LF:21
LH:21
BRDA:95,0,0,2
BRDA:95,0,1,1
BRDA:96,1,0,2
BRDA:96,1,1,1
BRDA:99,2,0,1
BRDA:99,2,1,2
BRDA:123,3,0,1
BRDA:123,3,1,11
BRDA:126,4,0,1
BRDA:133,5,0,11
BRDA:133,5,1,1
BRDA:134,6,0,3
BRDA:134,6,1,8
BRDA:134,7,0,11
BRDA:134,7,1,10
BRDA:138,8,0,12
BRDA:138,8,1,0
BRDA:138,9,0,1
BRDA:138,9,1,11
BRDA:139,10,0,12
BRDA:139,10,1,0
BRDA:140,11,0,1
BRDA:140,11,1,11
BRDA:141,12,0,1
BRDA:141,12,1,11
BRF:25
BRH:23
end_of_record
TN:
SF:src/components/Help/Help.tsx
FN:21,(anonymous_8)
FNF:1
FNH:0
FNDA:0,(anonymous_8)
DA:1,0
DA:2,0
DA:3,0
DA:4,0
DA:14,0
DA:18,0
DA:19,0
DA:22,0
DA:24,0
DA:35,0
LF:10
LH:0
BRDA:22,0,0,0
BRDA:27,1,0,0
BRDA:27,1,1,0
BRDA:27,2,0,0
BRDA:27,2,1,0
BRDA:28,3,0,0
BRDA:28,3,1,0
BRF:7
BRH:0
end_of_record
TN:
SF:src/components/Icon2/Icon.tsx
FN:64,(anonymous_8)
FN:66,(anonymous_9)
FN:112,(anonymous_10)
FN:147,(anonymous_11)
FN:154,(anonymous_12)
FNF:5
FNH:3
FNDA:37,(anonymous_8)
FNDA:37,(anonymous_9)
FNDA:35,(anonymous_10)
FNDA:0,(anonymous_11)
FNDA:0,(anonymous_12)
DA:1,2
DA:2,2
DA:4,2
DA:6,2
DA:7,2
DA:64,37
DA:66,2
DA:88,37
DA:89,37
DA:96,37
DA:99,37
DA:110,37
DA:112,37
DA:113,35
DA:114,6
DA:115,0
DA:116,0
DA:117,0
DA:121,6
DA:125,29
DA:126,29
DA:132,37
DA:142,37
DA:147,37
DA:148,0
DA:149,0
DA:150,0
DA:154,37
DA:155,0
DA:156,0
DA:157,0
DA:162,37
DA:173,37
DA:174,4
DA:183,33
DA:200,2
DA:205,2
LF:37
LH:28
BRDA:71,0,0,37
BRDA:99,1,0,33
BRDA:99,1,1,4
BRDA:99,2,0,37
BRDA:99,2,1,33
BRDA:101,3,0,4
BRDA:101,3,1,4
BRDA:110,4,0,6
BRDA:110,4,1,31
BRDA:110,5,0,37
BRDA:110,5,1,6
BRDA:113,6,0,6
BRDA:113,6,1,29
BRDA:114,7,0,0
BRDA:114,7,1,6
BRDA:116,8,0,0
BRDA:137,9,0,6
BRDA:137,9,1,31
BRDA:137,10,0,0
BRDA:137,10,1,6
BRDA:139,11,0,0
BRDA:139,11,1,37
BRDA:139,12,0,0
BRDA:139,12,1,0
BRDA:148,13,0,0
BRDA:149,14,0,0
BRDA:155,15,0,0
BRDA:156,16,0,0
BRDA:173,17,0,4
BRDA:173,17,1,33
BRDA:174,18,0,2
BRDA:174,18,1,2
BRDA:177,19,0,2
BRDA:177,19,1,2
BRDA:180,20,0,2
BRDA:180,20,1,2
BRDA:183,21,0,0
BRDA:183,21,1,33
BRDA:188,22,0,0
BRDA:188,22,1,0
BRDA:188,23,0,0
BRDA:188,23,1,0
BRDA:188,24,0,0
BRDA:188,24,1,0
BRDA:193,25,0,0
BRDA:193,25,1,33
BRDA:193,26,0,0
BRDA:193,26,1,0
BRDA:193,27,0,0
BRDA:193,27,1,0
BRF:50
BRH:28
end_of_record
TN:
SF:src/components/Icon2/constants.ts
FNF:0
FNH:0
DA:1,2
DA:2,2
DA:3,2
DA:4,2
DA:5,2
DA:6,2
DA:7,2
DA:8,2
DA:9,2
DA:10,2
DA:11,2
DA:12,2
DA:13,2
DA:14,2
DA:15,2
DA:16,2
DA:17,2
DA:18,2
DA:19,2
DA:20,2
DA:21,2
DA:22,2
DA:23,2
DA:24,2
DA:25,2
DA:26,2
DA:27,2
DA:28,2
DA:29,2
DA:30,2
DA:31,2
DA:32,2
DA:33,2
DA:34,2
DA:35,2
DA:36,2
DA:37,2
DA:38,2
DA:39,2
DA:40,2
DA:41,2
DA:42,2
DA:43,2
DA:44,2
DA:45,2
DA:46,2
DA:47,2
DA:48,2
DA:49,2
DA:50,2
DA:51,2
DA:52,2
DA:53,2
DA:54,2
DA:55,2
DA:56,2
DA:57,2
DA:58,2
DA:59,2
DA:60,2
DA:61,2
DA:62,2
DA:63,2
DA:64,2
DA:65,2
DA:66,2
DA:67,2
DA:68,2
DA:69,2
DA:70,2
DA:71,2
DA:72,2
DA:73,2
DA:74,2
DA:75,2
DA:76,2
DA:77,2
DA:78,2
DA:79,2
DA:80,2
DA:81,2
DA:82,2
DA:83,2
DA:84,2
DA:85,2
DA:86,2
DA:87,2
DA:88,2
DA:89,2
DA:90,2
DA:91,2
DA:92,2
DA:93,2
DA:94,2
DA:95,2
DA:96,2
DA:97,2
DA:98,2
DA:99,2
DA:100,2
DA:101,2
DA:102,2
DA:103,2
DA:104,2
DA:105,2
DA:106,2
DA:107,2
DA:108,2
DA:109,2
DA:110,2
DA:111,2
DA:112,2
DA:113,2
DA:114,2
DA:115,2
DA:116,2
DA:117,2
DA:118,2
DA:119,2
DA:120,2
DA:121,2
DA:122,2
DA:123,2
DA:124,2
DA:125,2
DA:126,2
DA:127,2
DA:128,2
DA:129,2
DA:130,2
DA:131,2
DA:132,2
DA:133,2
DA:134,2
DA:135,2
DA:136,2
DA:137,2
DA:138,2
DA:139,2
DA:140,2
DA:141,2
DA:142,2
DA:143,2
DA:144,2
DA:145,2
DA:146,2
DA:147,2
DA:148,2
DA:149,2
DA:150,2
DA:151,2
DA:152,2
DA:153,2
DA:154,2
DA:155,2
DA:156,2
DA:157,2
DA:158,2
DA:159,2
DA:160,2
DA:161,2
DA:162,2
DA:163,2
DA:164,2
DA:165,2
DA:166,2
DA:167,2
DA:168,2
DA:169,2
DA:170,2
DA:171,2
DA:172,2
DA:173,2
DA:174,2
DA:175,2
DA:176,2
DA:177,2
DA:178,2
DA:179,2
DA:180,2
DA:181,2
DA:182,2
DA:183,2
DA:184,2
DA:185,2
DA:186,2
DA:187,2
DA:188,2
DA:189,2
DA:190,2
DA:191,2
DA:192,2
DA:193,2
DA:194,2
DA:195,2
DA:196,2
DA:197,2
DA:198,2
DA:199,2
DA:200,2
DA:201,2
DA:202,2
DA:203,2
DA:204,2
DA:205,2
DA:206,2
DA:207,2
DA:208,2
DA:209,2
DA:210,2
DA:211,2
DA:212,2
DA:213,2
DA:214,2
DA:215,2
DA:216,2
DA:217,2
DA:218,2
DA:219,2
DA:220,2
DA:221,2
DA:222,2
DA:223,2
DA:224,2
DA:225,2
DA:226,2
DA:227,2
DA:228,2
DA:229,2
DA:230,2
DA:231,2
DA:232,2
DA:233,2
DA:234,2
DA:235,2
DA:236,2
DA:237,2
DA:238,2
DA:239,2
DA:240,2
DA:241,2
DA:242,2
DA:243,2
DA:244,2
DA:245,2
DA:246,2
DA:247,2
DA:248,2
DA:249,2
DA:250,2
DA:251,2
DA:252,2
DA:253,2
DA:254,2
DA:255,2
DA:256,2
DA:257,2
DA:258,2
DA:259,2
DA:260,2
DA:261,2
DA:262,2
DA:263,2
DA:264,2
DA:265,2
DA:266,2
DA:267,2
DA:268,2
DA:269,2
DA:270,2
DA:271,2
DA:272,2
DA:273,2
DA:274,2
DA:275,2
DA:276,2
DA:277,2
DA:278,2
DA:279,2
DA:280,2
DA:281,2
DA:282,2
DA:283,2
DA:284,2
DA:285,2
DA:286,2
DA:287,2
DA:288,2
DA:289,2
DA:290,2
DA:291,2
DA:292,2
DA:293,2
DA:294,2
DA:295,2
DA:296,2
DA:297,2
DA:298,2
DA:299,2
DA:300,2
DA:301,2
DA:302,2
DA:303,2
DA:304,2
DA:305,2
DA:306,2
DA:307,2
DA:308,2
DA:309,2
DA:310,2
DA:311,2
DA:312,2
DA:313,2
DA:314,2
DA:315,2
DA:316,2
DA:317,2
DA:318,2
DA:319,2
DA:320,2
DA:321,2
DA:322,2
DA:323,2
DA:324,2
DA:325,2
DA:326,2
DA:327,2
DA:328,2
DA:329,2
DA:330,2
DA:331,2
DA:332,2
DA:333,2
DA:334,2
DA:335,2
DA:336,2
DA:337,2
DA:338,2
DA:339,2
DA:340,2
DA:341,2
DA:342,2
DA:343,2
DA:344,2
DA:345,2
DA:346,2
DA:347,2
DA:348,2
DA:349,2
DA:350,2
DA:351,2
DA:352,2
DA:353,2
DA:354,2
DA:355,2
DA:356,2
DA:357,2
DA:358,2
DA:359,2
DA:360,2
DA:361,2
DA:362,2
DA:363,2
DA:364,2
DA:365,2
DA:366,2
DA:367,2
DA:368,2
DA:369,2
DA:370,2
DA:371,2
DA:372,2
DA:373,2
DA:374,2
DA:375,2
DA:376,2
DA:377,2
DA:378,2
DA:379,2
DA:380,2
DA:381,2
DA:382,2
DA:383,2
DA:384,2
DA:385,2
DA:386,2
DA:387,2
DA:388,2
DA:389,2
DA:390,2
DA:391,2
DA:392,2
DA:393,2
DA:394,2
DA:395,2
DA:396,2
DA:397,2
DA:398,2
DA:399,2
DA:400,2
DA:401,2
DA:402,2
DA:403,2
DA:404,2
DA:405,2
DA:406,2
DA:407,2
DA:408,2
DA:409,2
DA:410,2
DA:411,2
DA:412,2
DA:413,2
DA:414,2
DA:415,2
DA:416,2
DA:417,2
DA:418,2
DA:419,2
DA:420,2
DA:421,2
DA:422,2
DA:423,2
DA:424,2
DA:425,2
DA:426,2
DA:427,2
DA:428,2
DA:429,2
DA:430,2
DA:431,2
DA:432,2
DA:433,2
DA:434,2
DA:435,2
DA:436,2
DA:437,2
DA:438,2
DA:439,2
DA:440,2
DA:441,2
DA:442,2
DA:443,2
DA:444,2
DA:445,2
DA:446,2
DA:447,2
DA:448,2
DA:449,2
DA:450,2
DA:451,2
DA:452,2
DA:453,2
DA:454,2
DA:455,2
DA:456,2
DA:457,2
DA:458,2
DA:459,2
DA:460,2
DA:461,2
DA:462,2
DA:463,2
DA:464,2
DA:465,2
DA:466,2
DA:467,2
DA:468,2
DA:469,2
DA:470,2
DA:471,2
DA:472,2
DA:473,2
DA:474,2
DA:475,2
DA:476,2
DA:477,2
DA:478,2
DA:479,2
DA:480,2
DA:481,2
DA:482,2
DA:483,2
DA:484,2
DA:485,2
DA:486,2
DA:487,2
DA:488,2
DA:489,2
DA:490,2
DA:491,2
DA:492,2
DA:493,2
DA:494,2
DA:495,2
DA:496,2
DA:497,2
DA:498,2
DA:499,2
DA:500,2
DA:501,2
DA:502,2
DA:503,2
DA:504,2
DA:505,2
DA:506,2
DA:507,2
DA:508,2
DA:509,2
DA:510,2
DA:511,2
DA:512,2
DA:513,2
DA:514,2
DA:515,2
DA:516,2
DA:517,2
DA:518,2
DA:519,2
DA:520,2
DA:521,2
DA:522,2
DA:523,2
DA:524,2
DA:525,2
DA:526,2
DA:527,2
DA:528,2
DA:529,2
DA:530,2
DA:531,2
DA:532,2
DA:533,2
DA:534,2
DA:535,2
DA:536,2
DA:537,2
DA:538,2
DA:539,2
DA:540,2
DA:541,2
DA:542,2
DA:543,2
DA:544,2
DA:545,2
DA:546,2
DA:547,2
DA:548,2
DA:549,2
DA:550,2
DA:551,2
DA:552,2
DA:553,2
DA:554,2
DA:555,2
DA:556,2
DA:557,2
DA:558,2
DA:559,2
DA:560,2
DA:561,2
DA:562,2
DA:563,2
DA:564,2
DA:565,2
DA:566,2
DA:567,2
DA:568,2
DA:569,2
DA:570,2
DA:571,2
DA:572,2
DA:573,2
DA:574,2
DA:575,2
DA:576,2
DA:577,2
DA:578,2
DA:579,2
DA:580,2
DA:581,2
DA:582,2
DA:583,2
DA:584,2
DA:585,2
DA:586,2
DA:587,2
DA:588,2
DA:589,2
DA:590,2
DA:591,2
DA:592,2
DA:593,2
DA:594,2
DA:595,2
DA:596,2
DA:597,2
DA:598,2
DA:599,2
DA:600,2
DA:601,2
DA:602,2
DA:603,2
DA:604,2
DA:605,2
DA:606,2
DA:607,2
DA:608,2
DA:609,2
DA:610,2
DA:611,2
DA:612,2
DA:613,2
DA:614,2
DA:615,2
DA:616,2
DA:617,2
DA:618,2
DA:619,2
DA:620,2
DA:621,2
DA:622,2
DA:623,2
DA:624,2
DA:625,2
DA:626,2
DA:627,2
DA:628,2
DA:629,2
DA:630,2
DA:631,2
DA:632,2
DA:633,2
DA:634,2
DA:635,2
DA:636,2
DA:637,2
DA:638,2
DA:639,2
DA:640,2
DA:641,2
DA:642,2
DA:643,2
DA:644,2
DA:645,2
DA:646,2
DA:647,2
DA:648,2
DA:649,2
DA:650,2
DA:651,2
DA:652,2
DA:653,2
DA:654,2
DA:655,2
DA:656,2
DA:657,2
DA:658,2
DA:660,2
DA:661,2
DA:663,2
DA:664,2
DA:666,2
DA:1348,2
LF:664
LH:664
BRF:0
BRH:0
end_of_record
TN:
SF:src/components/Icon2/index.ts
FN:2,(anonymous_4)
FNF:1
FNH:0
FNDA:0,(anonymous_4)
DA:1,0
DA:2,0
LF:2
LH:0
BRF:0
BRH:0
end_of_record
TN:
SF:src/components/InstructionText/InstructionText.tsx
FN:26,(anonymous_8)
FNF:1
FNH:1
FNDA:3,(anonymous_8)
DA:1,1
DA:2,1
DA:3,1
DA:21,1
DA:23,1
DA:24,1
DA:27,3
DA:29,3
DA:31,3
DA:39,1
LF:10
LH:10
BRF:0
BRH:0
end_of_record
TN:
SF:src/components/ListItem/ListItem.tsx
FN:21,(anonymous_1)
FN:24,(anonymous_2)
FNF:2
FNH:1
FNDA:6,(anonymous_1)
FNDA:0,(anonymous_2)
DA:1,1
DA:3,1
DA:5,1
DA:9,1
DA:21,1
DA:22,6
DA:25,0
DA:59,1
LF:8
LH:7
BRDA:25,0,0,0
BRDA:25,0,1,0
BRF:2
BRH:0
end_of_record
TN:
SF:src/components/ListItem/index.ts
FN:1,(anonymous_0)
FNF:1
FNH:0
FNDA:0,(anonymous_0)
DA:1,0
LF:1
LH:0
BRF:0
BRH:0
end_of_record
TN:
SF:src/components/Notification/Notification.tsx
FN:98,(anonymous_1)
FN:107,(anonymous_2)
FN:112,(anonymous_3)
FN:120,(anonymous_4)
FN:131,(anonymous_5)
FN:154,(anonymous_6)
FNF:6
FNH:2
FNDA:0,(anonymous_1)
FNDA:0,(anonymous_2)
FNDA:0,(anonymous_3)
FNDA:0,(anonymous_4)
FNDA:1,(anonymous_5)
FNDA:1,(anonymous_6)
DA:1,1
DA:2,1
DA:3,1
DA:4,1
DA:6,1
DA:9,1
DA:98,1
DA:99,0
DA:107,1
DA:108,0
DA:113,0
DA:120,1
DA:121,0
DA:131,1
DA:132,1
DA:139,1
DA:141,0
DA:142,0
DA:143,0
DA:147,1
DA:148,1
DA:149,1
DA:150,1
DA:154,1
DA:156,1
DA:157,1
DA:158,1
DA:159,1
DA:160,1
DA:161,1
DA:162,1
DA:163,1
DA:164,1
DA:165,1
DA:167,1
DA:178,1
DA:180,0
DA:181,0
DA:184,0
DA:185,0
DA:188,0
DA:189,0
DA:192,1
DA:193,1
DA:197,1
DA:199,0
DA:206,0
DA:213,0
DA:220,0
DA:227,0
DA:228,0
DA:236,1
DA:243,0
DA:244,0
DA:251,0
DA:252,0
DA:259,0
DA:263,1
LF:58
LH:34
BRDA:110,0,0,0
BRDA:110,0,1,0
BRDA:111,1,0,0
BRDA:111,1,1,0
BRDA:111,1,2,0
BRDA:123,2,0,0
BRDA:123,2,1,0
BRDA:124,3,0,0
BRDA:124,3,1,0
BRDA:126,4,0,0
BRDA:126,4,1,0
BRDA:139,5,0,0
BRDA:139,5,1,1
BRDA:141,6,0,0
BRDA:141,6,1,0
BRDA:141,6,2,0
BRDA:141,7,0,0
BRDA:141,7,1,0
BRDA:141,8,0,0
BRDA:141,8,1,0
BRDA:141,9,0,0
BRDA:141,9,1,0
BRDA:141,10,0,0
BRDA:141,10,1,0
BRDA:141,11,0,0
BRDA:141,11,1,0
BRDA:141,12,0,0
BRDA:141,12,1,0
BRDA:142,13,0,0
BRDA:142,13,1,0
BRDA:142,14,0,0
BRDA:142,14,1,0
BRDA:142,15,0,0
BRDA:142,15,1,0
BRDA:147,16,0,1
BRDA:147,16,1,0
BRDA:148,17,0,0
BRDA:148,17,1,1
BRDA:149,18,0,1
BRDA:149,18,1,1
BRDA:149,19,0,1
BRDA:149,19,1,0
BRDA:149,20,0,0
BRDA:149,20,1,0
BRDA:154,21,0,1
BRDA:156,22,0,1
BRDA:156,22,1,0
BRDA:157,23,0,0
BRDA:157,23,1,1
BRDA:158,24,0,1
BRDA:158,24,1,0
BRDA:158,25,0,1
BRDA:158,25,1,0
BRDA:159,26,0,0
BRDA:159,26,1,1
BRDA:160,27,0,0
BRDA:160,27,1,1
BRDA:162,28,0,0
BRDA:162,28,1,1
BRDA:163,29,0,0
BRDA:163,29,1,1
BRDA:165,30,0,0
BRDA:165,30,1,1
BRDA:165,31,0,0
BRDA:165,31,1,1
BRDA:171,32,0,1
BRDA:171,32,1,1
BRDA:178,33,0,0
BRDA:178,33,1,0
BRDA:178,33,2,0
BRDA:178,33,3,1
BRDA:179,34,0,1
BRDA:179,34,1,0
BRDA:183,35,0,1
BRDA:183,35,1,0
BRDA:187,36,0,1
BRDA:187,36,1,0
BRDA:197,37,0,0
BRDA:197,37,1,0
BRDA:197,37,2,0
BRDA:197,37,3,0
BRDA:197,37,4,0
BRDA:197,37,5,1
BRDA:197,37,6,0
BRDA:197,37,7,0
BRDA:197,37,8,0
BRF:86
BRH:24
end_of_record
TN:
SF:src/components/PageHeader/PageHeader.tsx
FN:48,(anonymous_1)
FN:57,(anonymous_2)
FN:68,(anonymous_3)
FN:73,(anonymous_4)
FN:94,(anonymous_5)
FN:107,(anonymous_6)
FNF:6
FNH:4
FNDA:0,(anonymous_1)
FNDA:3,(anonymous_2)
FNDA:0,(anonymous_3)
FNDA:5,(anonymous_4)
FNDA:3,(anonymous_5)
FNDA:5,(anonymous_6)
DA:1,1
DA:2,1
DA:3,1
DA:4,1
DA:5,1
DA:8,1
DA:48,1
DA:49,0
DA:50,0
DA:57,1
DA:58,3
DA:59,3
DA:68,1
DA:69,0
DA:70,0
DA:73,1
DA:74,5
DA:75,5
DA:76,3
DA:82,2
DA:83,0
DA:90,2
DA:94,1
DA:95,3
DA:96,3
DA:98,3
DA:108,5
DA:130,1
LF:28
LH:23
BRDA:61,0,0,3
BRDA:61,0,1,3
BRDA:61,1,0,0
BRDA:61,1,1,3
BRDA:62,2,0,3
BRDA:62,2,1,0
BRDA:75,3,0,3
BRDA:75,3,1,2
BRDA:75,4,0,5
BRDA:75,4,1,4
BRDA:82,5,0,0
BRDA:82,5,1,2
BRDA:101,6,0,0
BRDA:101,6,1,3
BRDA:105,7,0,3
BRDA:105,7,1,3
BRDA:113,8,0,3
BRDA:113,8,1,0
BRF:18
BRH:13
end_of_record
TN:
SF:src/components/PageTitle/PageTitle.tsx
FN:6,(anonymous_2)
FNF:1
FNH:1
FNDA:4,(anonymous_2)
DA:1,2
DA:2,2
DA:3,2
DA:7,4
DA:9,4
DA:11,4
DA:21,2
LF:7
LH:7
BRDA:14,0,0,4
BRDA:14,0,1,0
BRF:2
BRH:1
end_of_record
TN:
SF:src/components/SkeletonTile/SkeletonTile.tsx
FN:21,(anonymous_6)
FN:46,(anonymous_7)
FNF:2
FNH:2
FNDA:1,(anonymous_6)
FNDA:1,(anonymous_7)
DA:1,1
DA:2,1
DA:4,1
DA:18,1
DA:19,1
DA:30,1
DA:31,1
DA:33,1
DA:47,1
DA:64,1
LF:10
LH:10
BRDA:31,0,0,0
BRDA:31,0,1,1
BRDA:42,1,0,0
BRDA:42,1,1,1
BRF:4
BRH:2
end_of_record
TN:
SF:src/components/StackCardSkeleton/StackCardSkeleton.tsx
FN:7,(anonymous_1)
FNF:1
FNH:0
FNDA:0,(anonymous_1)
DA:1,0
DA:3,0
DA:5,0
DA:7,0
DA:8,0
DA:96,0
LF:6
LH:0
BRF:0
BRH:0
end_of_record
TN:
SF:src/components/Textarea/Textarea.tsx
FN:88,(anonymous_8)
FN:95,(anonymous_9)
FN:104,(anonymous_10)
FN:142,(anonymous_11)
FNF:4
FNH:3
FNDA:20,(anonymous_8)
FNDA:0,(anonymous_9)
FNDA:21,(anonymous_10)
FNDA:1,(anonymous_11)
DA:1,1
DA:5,1
DA:6,1
DA:7,1
DA:80,1
DA:88,1
DA:89,1
DA:91,20
DA:96,0
DA:97,0
DA:121,21
DA:122,21
DA:123,21
DA:125,21
DA:126,21
DA:133,21
DA:143,1
DA:144,1
DA:146,1
DA:161,1
LF:20
LH:18
BRDA:96,0,0,0
BRDA:143,1,0,1
BRDA:148,2,0,1
BRDA:148,2,1,20
BRDA:148,3,0,21
BRDA:148,3,1,1
BRDA:151,4,0,1
BRDA:151,4,1,20
BRDA:151,5,0,20
BRDA:151,5,1,20
BRDA:155,6,0,21
BRDA:155,6,1,1
BRDA:155,7,0,0
BRDA:155,7,1,1
BRDA:155,8,0,1
BRDA:155,8,1,0
BRDA:155,9,0,0
BRDA:155,9,1,1
BRDA:155,10,0,1
BRDA:155,10,1,0
BRF:20
BRH:15
end_of_record
TN:
SF:src/components/Tooltip/Tooltip.tsx
FN:11,(anonymous_8)
FN:29,(anonymous_9)
FN:67,(anonymous_10)
FN:88,(anonymous_11)
FN:105,(anonymous_12)
FN:110,(anonymous_13)
FN:138,(anonymous_14)
FN:146,(anonymous_15)
FNF:8
FNH:8
FNDA:8,(anonymous_8)
FNDA:8,(anonymous_9)
FNDA:71,(anonymous_10)
FNDA:71,(anonymous_11)
FNDA:2,(anonymous_12)
FNDA:1,(anonymous_13)
FNDA:1,(anonymous_14)
FNDA:71,(anonymous_15)
DA:1,8
DA:3,8
DA:5,8
DA:7,8
DA:11,8
DA:12,8
DA:13,8
DA:14,8
DA:16,8
DA:17,8
DA:18,8
DA:20,8
DA:21,8
DA:22,8
DA:24,8
DA:25,8
DA:26,8
DA:29,8
DA:30,8
DA:31,8
DA:32,8
DA:34,8
DA:35,8
DA:36,8
DA:38,8
DA:39,8
DA:40,8
DA:42,8
DA:43,8
DA:44,8
DA:67,8
DA:68,71
DA:69,71
DA:71,71
DA:72,71
DA:73,71
DA:74,71
DA:75,71
DA:78,71
DA:83,71
DA:84,71
DA:85,71
DA:86,71
DA:88,71
DA:89,71
DA:90,1
DA:93,70
DA:94,3
DA:102,67
DA:105,71
DA:106,2
DA:110,1
DA:119,71
DA:120,71
DA:138,8
DA:139,1
DA:146,8
DA:147,71
DA:148,0
DA:150,71
DA:153,8
DA:159,8
LF:62
LH:61
BRDA:11,0,0,8
BRDA:11,0,1,8
BRDA:29,1,0,8
BRDA:29,1,1,8
BRDA:71,2,0,48
BRDA:71,2,1,23
BRDA:72,3,0,71
BRDA:72,3,1,66
BRDA:73,4,0,3
BRDA:73,4,1,68
BRDA:74,5,0,0
BRDA:74,5,1,71
BRDA:75,6,0,67
BRDA:75,6,1,4
BRDA:78,7,0,66
BRDA:78,7,1,5
BRDA:80,8,0,5
BRDA:80,8,1,0
BRDA:83,9,0,1
BRDA:83,9,1,70
BRDA:84,10,0,0
BRDA:84,10,1,71
BRDA:89,11,0,1
BRDA:93,12,0,3
BRDA:110,13,0,1
BRDA:110,13,1,1
BRDA:119,14,0,71
BRDA:119,14,1,0
BRDA:122,15,0,2
BRDA:122,15,1,69
BRDA:147,16,0,0
BRF:31
BRH:26
end_of_record
TN:
SF:src/components/Typography/Heading/Heading.tsx
FN:32,(anonymous_6)
FNF:1
FNH:1
FNDA:7,(anonymous_6)
DA:1,1
DA:2,1
DA:23,1
DA:29,1
DA:30,1
DA:33,7
DA:34,7
DA:35,7
DA:43,1
LF:9
LH:9
BRF:0
BRH:0
end_of_record
TN:
SF:src/components/Typography/Link/Link.tsx
FN:62,(anonymous_2)
FN:74,(anonymous_3)
FNF:2
FNH:2
FNDA:25,(anonymous_2)
FNDA:1,(anonymous_3)
DA:1,1
DA:3,1
DA:4,1
DA:62,1
DA:63,25
DA:64,25
DA:65,25
DA:67,25
DA:74,25
DA:75,1
DA:76,1
DA:79,25
DA:93,1
DA:104,1
LF:14
LH:14
BRDA:65,0,0,25
BRDA:65,0,1,0
BRDA:75,1,0,1
BRDA:82,2,0,3
BRDA:82,2,1,22
BRF:5
BRH:4
end_of_record
TN:
SF:src/components/Typography/Paragraph/Paragraph.tsx
FN:32,(anonymous_6)
FNF:1
FNH:1
FNDA:8,(anonymous_6)
DA:1,2
DA:2,2
DA:23,2
DA:29,2
DA:30,2
DA:33,8
DA:34,8
DA:35,8
DA:43,2
LF:9
LH:9
BRF:0
BRH:0
end_of_record
